<?xml version="1.0" encoding="UTF-8"?>
<testsuite xmlns:xsi="http://www.w3.org/2001/XMLSchema-instance" xsi:noNamespaceSchemaLocation="https://maven.apache.org/surefire/maven-failsafe-plugin/xsd/failsafe-test-report-3.0.xsd" version="3.0" name="Iniciar sesion en portal transporte" time="20.315" tests="3" errors="0" skipped="0" failures="1">
  <properties>
[...]
</properties>
  <testcase name="Iniciar sesion con diferentes roles #1" classname="Iniciar sesion en portal transporte" time="8.486">
    <system-out><![CDATA[20:43:54.373 [main] INFO  i.c.core.plugin.SerenityReporter - Running feature from file:///C:/Users/EdwinFerreira/Documents/bitsamericas/TestTransportation/src/test/resources/features/login.feature

20:43:54.548 [main] INFO   - 

-------------------------------------------------------------------------------------
     _______. _______ .______       _______ .__   __.  __  .___________.____    ____ 
    /       ||   ____||   _  \     |   ____||  \ |  | |  | |           |\   \  /   / 
   |   (----`|  |__   |  |_)  |    |  |__   |   \|  | |  | `---|  |----` \   \/   /  
    \   \    |   __|  |      /     |   __|  |  . `  | |  |     |  |       \_    _/   
.----)   |   |  |____ |  |\  \----.|  |____ |  |\   | |  |     |  |         |  |     
|_______/    |_______|| _| `._____||_______||__| \__| |__|     |__|         |__|    
                                                                                     
 News and tutorials at http://www.serenity-bdd.info                                  
 Documentation at https://wakaleo.gitbooks.io/the-serenity-book/content/             
 Join the Serenity Community on Gitter: https://gitter.im/serenity-bdd/serenity-core 
 Serenity BDD Support and Training at http://serenity-bdd.info/#/trainingandsupport  
-------------------------------------------------------------------------------------


20:43:54.555 [main] INFO   - Test Suite Started: Iniciar sesion en portal transporte

20:44:09.085 [pool-2-thread-1] ERROR  - 
           __  _____ _____ ____ _____   _____ _    ___ _     _____ ____  
  _       / / |_   _| ____/ ___|_   _| |  ___/ \  |_ _| |   | ____|  _ \ 
 (_)_____| |    | | |  _| \___ \ | |   | |_ / _ \  | || |   |  _| | | | |
  _|_____| |    | | | |___ ___) || |   |  _/ ___ \ | || |___| |___| |_| |
 (_)     | |    |_| |_____|____/ |_|   |_|/_/   \_\___|_____|_____|____/ 
          \_\                                                            

Iniciar sesion con diferentes roles
--------------------------------------------------------------------------

20:44:09.087 [pool-2-thread-1] DEBUG  - RELATED ISSUES: 

20:44:09.135 [pool-2-thread-1] ERROR  -     Test failed at step: Transportista deberia poder ver la pantalla principal de: Hola Prueba Ajustes

20:44:09.135 [pool-2-thread-1] ERROR  -     



&amp#27;[31mFailed scenarios:&amp#27;[0m


file:///C:/Users/EdwinFerreira/Documents/bitsamericas/TestTransportation/src/test/resources/features/login.feature:17 # Iniciar sesion con diferentes roles




3
 Scenarios (
&amp#27;[31m1 failed&amp#27;[0m
, 
&amp#27;[32m2 passed&amp#27;[0m
)


9
 Steps (
&amp#27;[31m1 failed&amp#27;[0m
, 
&amp#27;[32m8 passed&amp#27;[0m
)


0m
20,521s






java.lang.AssertionError


	at org.junit.Assert.fail(Assert.java:87)


	at org.junit.Assert.assertTrue(Assert.java:42)


	at org.junit.Assert.assertTrue(Assert.java:53)


	at TestTransportation@1.0-SNAPSHOT/transportation.steps.LoginStep.viewHomePage(LoginStep.java:37)


	at TestTransportation@1.0-SNAPSHOT/transportation.steps.LoginStep$ByteBuddy$TQkblqtU.viewHomePage$accessor$pNYFje8H(Unknown Source)


	at java.base/jdk.internal.reflect.NativeMethodAccessorImpl.invoke0(Native Method)


	at java.base/jdk.internal.reflect.NativeMethodAccessorImpl.invoke(NativeMethodAccessorImpl.java:62)


	at java.base/jdk.internal.reflect.DelegatingMethodAccessorImpl.invoke(DelegatingMethodAccessorImpl.java:43)


	at java.base/java.lang.reflect.Method.invoke(Method.java:566)


	at net.thucydides.core.steps.StepInterceptor.invokeMethod(StepInterceptor.java:492)


	at net.thucydides.core.steps.StepInterceptor.executeTestStepMethod(StepInterceptor.java:472)


	at net.thucydides.core.steps.StepInterceptor.runTestStep(StepInterceptor.java:445)


	at net.thucydides.core.steps.StepInterceptor.runOrSkipMethod(StepInterceptor.java:201)


	at net.thucydides.core.steps.StepInterceptor.testStepResult(StepInterceptor.java:188)


	at net.thucydides.core.steps.StepInterceptor.intercept(StepInterceptor.java:76)


	at net.thucydides.core.steps.ProxyConfiguration$InterceptorDispatcher.intercept(ProxyConfiguration.java:51)


	at TestTransportation@1.0-SNAPSHOT/transportation.steps.LoginStep$ByteBuddy$TQkblqtU.viewHomePage(Unknown Source)


	at TestTransportation@1.0-SNAPSHOT/transportation.stepsdefinitions.LoginDefinition.viewHomePage(LoginDefinition.java:29)


	at ?.Transportista deberia poder ver la pantalla principal de: Hola Prueba Ajustes(file:///C:/Users/EdwinFerreira/Documents/bitsamericas/TestTransportation/src/test/resources/features/login.feature:12)






20:44:16.916 [main] INFO  i.c.core.plugin.SerenityReporter - Cleanup test resources for URI file:///C:/Users/EdwinFerreira/Documents/bitsamericas/TestTransportation/src/test/resources/features/login.feature

20:43:54.817 [pool-2-thread-1] INFO  i.c.core.plugin.SerenityReporter - Running feature from file:///C:/Users/EdwinFerreira/Documents/bitsamericas/TestTransportation/src/test/resources/features/login.feature
20:43:54.912 [pool-2-thread-1] INFO   - 
 _____ _____ ____ _____   ____ _____  _    ____ _____ _____ ____  
|_   _| ____/ ___|_   _| / ___|_   _|/ \  |  _ \_   _| ____|  _ \ 
  | | |  _| \___ \ | |   \___ \ | | / _ \ | |_) || | |  _| | | | |
  | | | |___ ___) || |    ___) || |/ ___ \|  _ < | | | |___| |_| |
  |_| |_____|____/ |_|   |____/ |_/_/   \_\_| \_\|_| |_____|____/ 

Iniciar sesion con diferentes roles(iniciar-sesion-en-portal-transporte;iniciar-sesion-con-diferentes-roles)
-------------------------------------------------------------------
20:43:55.670 [pool-2-thread-1] INFO  n.s.c.w.d.ChromeDriverProvider - Using automatically driver download
20:43:55.974 [pool-2-thread-1] DEBUG i.g.b.wdm.cache.ResolutionCache - Resolution chrome=89 in cache (valid until 21:03:11 06/04/2021 COT)
20:43:55.975 [pool-2-thread-1] DEBUG i.g.b.wdm.cache.ResolutionCache - Resolution chrome89=89.0.4389.23 in cache (valid until 20:03:11 07/04/2021 COT)
20:43:55.976 [pool-2-thread-1] INFO  i.g.bonigarcia.wdm.WebDriverManager - Using chromedriver 89.0.4389.23 (resolved driver for Chrome 89)
20:43:55.985 [pool-2-thread-1] DEBUG i.g.bonigarcia.wdm.WebDriverManager - Driver chromedriver 89.0.4389.23 found in cache
20:43:55.986 [pool-2-thread-1] INFO  i.g.bonigarcia.wdm.WebDriverManager - Exporting webdriver.chrome.driver as C:\Users\EdwinFerreira\.cache\selenium\chromedriver\win32\89.0.4389.23\chromedriver.exe
20:43:56.484 [pool-2-thread-1] INFO  n.s.c.w.d.ProvideNewDriver - Instantiating driver
20:43:56.486 [pool-2-thread-1] INFO  n.s.c.w.d.ProvideNewDriver - Driver capabilities: Capabilities {acceptInsecureCerts: false, browserName: chrome, goog:chromeOptions: {args: [], extensions: []}, loggingPrefs: org.openqa.selenium.logging...}
20:44:03.054 [pool-2-thread-1] INFO   - 
        __    _____ _____ ____ _____   ____   _    ____  ____  _____ ____  
  _     \ \  |_   _| ____/ ___|_   _| |  _ \ / \  / ___|/ ___|| ____|  _ \ 
 (_)_____| |   | | |  _| \___ \ | |   | |_) / _ \ \___ \\___ \|  _| | | | |
  _|_____| |   | | | |___ ___) || |   |  __/ ___ \ ___) |___) | |___| |_| |
 (_)     | |   |_| |_____|____/ |_|   |_| /_/   \_\____/|____/|_____|____/ 
        /_/                                                                

Iniciar sesion con diferentes roles
----------------------------------------------------------------------------
]]></system-out>
    <system-err><![CDATA[Starting ChromeDriver 89.0.4389.23 (61b08ee2c50024bab004e48d2b1b083cdbdac579-refs/branch-heads/4389@{#294}) on port 33219
Only local connections are allowed.
Please see https://chromedriver.chromium.org/security-considerations for suggestions on keeping ChromeDriver safe.
ChromeDriver was started successfully.
abr. 06, 2021 8:43:57 P. M. org.openqa.selenium.remote.ProtocolHandshake createSession
INFORMACIÓN: Detected dialect: W3C
]]></system-err>
  </testcase>
  <testcase name="Iniciar sesion con diferentes roles #2" classname="Iniciar sesion en portal transporte" time="5.389">
    <failure type="java.lang.AssertionError"><![CDATA[java.lang.AssertionError
]]></failure>
    <system-out><![CDATA[20:44:03.059 [pool-2-thread-1] INFO  i.c.core.plugin.SerenityReporter - Running feature from file:///C:/Users/EdwinFerreira/Documents/bitsamericas/TestTransportation/src/test/resources/features/login.feature
20:44:03.084 [pool-2-thread-1] INFO  n.s.c.w.d.ChromeDriverProvider - Using automatically driver download
20:44:03.093 [pool-2-thread-1] DEBUG i.g.b.wdm.cache.ResolutionCache - Resolution chrome=89 in cache (valid until 21:03:11 06/04/2021 COT)
20:44:03.093 [pool-2-thread-1] DEBUG i.g.b.wdm.cache.ResolutionCache - Resolution chrome89=89.0.4389.23 in cache (valid until 20:03:11 07/04/2021 COT)
20:44:03.093 [pool-2-thread-1] INFO  i.g.bonigarcia.wdm.WebDriverManager - Using chromedriver 89.0.4389.23 (resolved driver for Chrome 89)
20:44:03.098 [pool-2-thread-1] DEBUG i.g.bonigarcia.wdm.WebDriverManager - Driver chromedriver 89.0.4389.23 found in cache
20:44:03.099 [pool-2-thread-1] INFO  i.g.bonigarcia.wdm.WebDriverManager - Exporting webdriver.chrome.driver as C:\Users\EdwinFerreira\.cache\selenium\chromedriver\win32\89.0.4389.23\chromedriver.exe
20:44:03.312 [pool-2-thread-1] INFO  n.s.c.w.d.ProvideNewDriver - Instantiating driver
20:44:03.312 [pool-2-thread-1] INFO  n.s.c.w.d.ProvideNewDriver - Driver capabilities: Capabilities {acceptInsecureCerts: false, browserName: chrome, goog:chromeOptions: {args: [], extensions: []}, loggingPrefs: org.openqa.selenium.logging...}
]]></system-out>
    <system-err><![CDATA[Starting ChromeDriver 89.0.4389.23 (61b08ee2c50024bab004e48d2b1b083cdbdac579-refs/branch-heads/4389@{#294}) on port 23022
Only local connections are allowed.
Please see https://chromedriver.chromium.org/security-considerations for suggestions on keeping ChromeDriver safe.
ChromeDriver was started successfully.
abr. 06, 2021 8:44:04 P. M. org.openqa.selenium.remote.ProtocolHandshake createSession
INFORMACIÓN: Detected dialect: W3C
]]></system-err>
  </testcase>
  <testcase name="Iniciar sesion con diferentes roles #3" classname="Iniciar sesion en portal transporte" time="5.749">
    <system-out><![CDATA[20:44:09.140 [pool-2-thread-1] INFO  i.c.core.plugin.SerenityReporter - Running feature from file:///C:/Users/EdwinFerreira/Documents/bitsamericas/TestTransportation/src/test/resources/features/login.feature
20:44:09.165 [pool-2-thread-1] INFO  n.s.c.w.d.ChromeDriverProvider - Using automatically driver download
20:44:09.173 [pool-2-thread-1] DEBUG i.g.b.wdm.cache.ResolutionCache - Resolution chrome=89 in cache (valid until 21:03:11 06/04/2021 COT)
20:44:09.173 [pool-2-thread-1] DEBUG i.g.b.wdm.cache.ResolutionCache - Resolution chrome89=89.0.4389.23 in cache (valid until 20:03:11 07/04/2021 COT)
20:44:09.173 [pool-2-thread-1] INFO  i.g.bonigarcia.wdm.WebDriverManager - Using chromedriver 89.0.4389.23 (resolved driver for Chrome 89)
20:44:09.178 [pool-2-thread-1] DEBUG i.g.bonigarcia.wdm.WebDriverManager - Driver chromedriver 89.0.4389.23 found in cache
20:44:09.179 [pool-2-thread-1] INFO  i.g.bonigarcia.wdm.WebDriverManager - Exporting webdriver.chrome.driver as C:\Users\EdwinFerreira\.cache\selenium\chromedriver\win32\89.0.4389.23\chromedriver.exe
20:44:09.410 [pool-2-thread-1] INFO  n.s.c.w.d.ProvideNewDriver - Instantiating driver
20:44:09.411 [pool-2-thread-1] INFO  n.s.c.w.d.ProvideNewDriver - Driver capabilities: Capabilities {acceptInsecureCerts: false, browserName: chrome, goog:chromeOptions: {args: [], extensions: []}, loggingPrefs: org.openqa.selenium.logging...}
]]></system-out>
    <system-err><![CDATA[Starting ChromeDriver 89.0.4389.23 (61b08ee2c50024bab004e48d2b1b083cdbdac579-refs/branch-heads/4389@{#294}) on port 45991
Only local connections are allowed.
Please see https://chromedriver.chromium.org/security-considerations for suggestions on keeping ChromeDriver safe.
ChromeDriver was started successfully.
abr. 06, 2021 8:44:10 P. M. org.openqa.selenium.remote.ProtocolHandshake createSession
INFORMACIÓN: Detected dialect: W3C
]]></system-err>
  </testcase>
</testsuite>