<?xml version="1.0" encoding="UTF-8"?>
<testsuite xmlns:xsi="http://www.w3.org/2001/XMLSchema-instance" xsi:noNamespaceSchemaLocation="https://maven.apache.org/surefire/maven-failsafe-plugin/xsd/failsafe-test-report-3.0.xsd" version="3.0" name="YO como empresa transportadora y administrador del E-commerce" time="70.419" tests="6" errors="0" skipped="0" failures="0">
  <properties>
[...]
</properties>
  <testcase name="En el módulo administrativo debe contar una sección para conocer la demanda que se ha tenido en términos de servicio de transporte." classname="YO como empresa transportadora y administrador del E-commerce" time="16.559">
    <system-out><![CDATA[17:14:36.695 [pool-2-thread-1] INFO  i.c.core.plugin.SerenityReporter - Running feature from file:///C:/Users/EdwinFerreira/Documents/bitsamericas/TestTransportation/src/test/resources/features/demand.feature
17:14:36.702 [pool-2-thread-1] INFO   - 
 _____ _____ ____ _____   ____ _____  _    ____ _____ _____ ____  
|_   _| ____/ ___|_   _| / ___|_   _|/ \  |  _ \_   _| ____|  _ \ 
  | | |  _| \___ \ | |   \___ \ | | / _ \ | |_) || | |  _| | | | |
  | | | |___ ___) || |    ___) || |/ ___ \|  _ < | | | |___| |_| |
  |_| |_____|____/ |_|   |____/ |_/_/   \_\_| \_\|_| |_____|____/ 

En el módulo administrativo debe contar una sección para conocer la demanda que se ha tenido en términos de servicio de transporte.(yo-como-empresa-transportadora-y-administrador-del-e-commerce;en-el-módulo-administrativo-debe-contar-una-sección-para-conocer-la-demanda-que-se-ha-tenido-en-términos-de-servicio-de-transporte.)
-------------------------------------------------------------------
17:14:37.838 [pool-2-thread-1] INFO  n.s.c.w.d.ChromeDriverProvider - Using automatically driver download
17:14:38.359 [pool-2-thread-1] DEBUG i.g.b.wdm.cache.ResolutionCache - Resolution chrome=89 in cache (valid until 17:24:58 07/04/2021 COT)
17:14:38.360 [pool-2-thread-1] DEBUG i.g.b.wdm.cache.ResolutionCache - Resolution chrome89=89.0.4389.23 in cache (valid until 20:03:11 07/04/2021 COT)
17:14:38.361 [pool-2-thread-1] INFO  i.g.bonigarcia.wdm.WebDriverManager - Using chromedriver 89.0.4389.23 (resolved driver for Chrome 89)
17:14:38.374 [pool-2-thread-1] DEBUG i.g.bonigarcia.wdm.WebDriverManager - Driver chromedriver 89.0.4389.23 found in cache
17:14:38.375 [pool-2-thread-1] INFO  i.g.bonigarcia.wdm.WebDriverManager - Exporting webdriver.chrome.driver as C:\Users\EdwinFerreira\.cache\selenium\chromedriver\win32\89.0.4389.23\chromedriver.exe
17:14:39.482 [pool-2-thread-1] INFO  n.s.c.w.d.ProvideNewDriver - Instantiating driver
17:14:39.485 [pool-2-thread-1] INFO  n.s.c.w.d.ProvideNewDriver - Driver capabilities: Capabilities {acceptInsecureCerts: false, browserName: chrome, goog:chromeOptions: {args: [], extensions: []}, loggingPrefs: org.openqa.selenium.logging...}
17:14:51.011 [pool-2-thread-1] INFO   - 
        __    _____ _____ ____ _____   ____   _    ____  ____  _____ ____  
  _     \ \  |_   _| ____/ ___|_   _| |  _ \ / \  / ___|/ ___|| ____|  _ \ 
 (_)_____| |   | | |  _| \___ \ | |   | |_) / _ \ \___ \\___ \|  _| | | | |
  _|_____| |   | | | |___ ___) || |   |  __/ ___ \ ___) |___) | |___| |_| |
 (_)     | |   |_| |_____|____/ |_|   |_| /_/   \_\____/|____/|_____|____/ 
        /_/                                                                

En el módulo administrativo debe contar una sección para conocer la demanda que se ha tenido en términos de servicio de transporte.
----------------------------------------------------------------------------
]]></system-out>
    <system-err><![CDATA[Starting ChromeDriver 89.0.4389.23 (61b08ee2c50024bab004e48d2b1b083cdbdac579-refs/branch-heads/4389@{#294}) on port 38589
Only local connections are allowed.
Please see https://chromedriver.chromium.org/security-considerations for suggestions on keeping ChromeDriver safe.
ChromeDriver was started successfully.
abr. 07, 2021 5:14:41 P. M. org.openqa.selenium.remote.ProtocolHandshake createSession
INFORMACIÓN: Detected dialect: W3C
abr. 07, 2021 5:14:41 P. M. org.openqa.selenium.remote.ProtocolHandshake createSession
INFORMACIÓN: Detected dialect: W3C
]]></system-err>
  </testcase>
  <testcase name="Esta sección para el informe de la demanda de transporte debe contener lo siguiente:" classname="YO como empresa transportadora y administrador del E-commerce" time="10.176">
    <system-out><![CDATA[17:14:52.350 [pool-2-thread-1] INFO  i.c.core.plugin.SerenityReporter - Running feature from file:///C:/Users/EdwinFerreira/Documents/bitsamericas/TestTransportation/src/test/resources/features/demand.feature
17:14:52.358 [pool-2-thread-1] INFO   - 
 _____ _____ ____ _____   ____ _____  _    ____ _____ _____ ____  
|_   _| ____/ ___|_   _| / ___|_   _|/ \  |  _ \_   _| ____|  _ \ 
  | | |  _| \___ \ | |   \___ \ | | / _ \ | |_) || | |  _| | | | |
  | | | |___ ___) || |    ___) || |/ ___ \|  _ < | | | |___| |_| |
  |_| |_____|____/ |_|   |____/ |_/_/   \_\_| \_\|_| |_____|____/ 

Esta sección para el informe de la demanda de transporte debe contener lo siguiente:(yo-como-empresa-transportadora-y-administrador-del-e-commerce;esta-sección-para-el-informe-de-la-demanda-de-transporte-debe-contener-lo-siguiente:)
-------------------------------------------------------------------
17:14:52.419 [pool-2-thread-1] INFO  n.s.c.w.d.ChromeDriverProvider - Using automatically driver download
17:14:52.433 [pool-2-thread-1] DEBUG i.g.b.wdm.cache.ResolutionCache - Resolution chrome=89 in cache (valid until 17:24:58 07/04/2021 COT)
17:14:52.434 [pool-2-thread-1] DEBUG i.g.b.wdm.cache.ResolutionCache - Resolution chrome89=89.0.4389.23 in cache (valid until 20:03:11 07/04/2021 COT)
17:14:52.435 [pool-2-thread-1] INFO  i.g.bonigarcia.wdm.WebDriverManager - Using chromedriver 89.0.4389.23 (resolved driver for Chrome 89)
17:14:52.443 [pool-2-thread-1] DEBUG i.g.bonigarcia.wdm.WebDriverManager - Driver chromedriver 89.0.4389.23 found in cache
17:14:52.444 [pool-2-thread-1] INFO  i.g.bonigarcia.wdm.WebDriverManager - Exporting webdriver.chrome.driver as C:\Users\EdwinFerreira\.cache\selenium\chromedriver\win32\89.0.4389.23\chromedriver.exe
17:14:52.777 [pool-2-thread-1] INFO  n.s.c.w.d.ProvideNewDriver - Instantiating driver
17:14:52.778 [pool-2-thread-1] INFO  n.s.c.w.d.ProvideNewDriver - Driver capabilities: Capabilities {acceptInsecureCerts: false, browserName: chrome, goog:chromeOptions: {args: [], extensions: []}, loggingPrefs: org.openqa.selenium.logging...}
[Fecha de transporte, Punto de recogida, Total de personas]
17:15:01.731 [pool-2-thread-1] INFO   - 
        __    _____ _____ ____ _____   ____   _    ____  ____  _____ ____  
  _     \ \  |_   _| ____/ ___|_   _| |  _ \ / \  / ___|/ ___|| ____|  _ \ 
 (_)_____| |   | | |  _| \___ \ | |   | |_) / _ \ \___ \\___ \|  _| | | | |
  _|_____| |   | | | |___ ___) || |   |  __/ ___ \ ___) |___) | |___| |_| |
 (_)     | |   |_| |_____|____/ |_|   |_| /_/   \_\____/|____/|_____|____/ 
        /_/                                                                

Esta sección para el informe de la demanda de transporte debe contener lo siguiente
----------------------------------------------------------------------------
]]></system-out>
    <system-err><![CDATA[Starting ChromeDriver 89.0.4389.23 (61b08ee2c50024bab004e48d2b1b083cdbdac579-refs/branch-heads/4389@{#294}) on port 16367
Only local connections are allowed.
Please see https://chromedriver.chromium.org/security-considerations for suggestions on keeping ChromeDriver safe.
ChromeDriver was started successfully.
abr. 07, 2021 5:14:54 P. M. org.openqa.selenium.remote.ProtocolHandshake createSession
INFORMACIÓN: Detected dialect: W3C
]]></system-err>
  </testcase>
  <testcase name="Esta sección del informe de la demanda del transporte debe contener los siguiente a nivel de experiencia, para una mejor y fácil consulta. #1" classname="YO como empresa transportadora y administrador del E-commerce" time="12.011">
    <system-out><![CDATA[17:15:02.514 [pool-2-thread-1] INFO  i.c.core.plugin.SerenityReporter - Running feature from file:///C:/Users/EdwinFerreira/Documents/bitsamericas/TestTransportation/src/test/resources/features/demand.feature
17:15:02.516 [pool-2-thread-1] INFO   - 
 _____ _____ ____ _____   ____ _____  _    ____ _____ _____ ____  
|_   _| ____/ ___|_   _| / ___|_   _|/ \  |  _ \_   _| ____|  _ \ 
  | | |  _| \___ \ | |   \___ \ | | / _ \ | |_) || | |  _| | | | |
  | | | |___ ___) || |    ___) || |/ ___ \|  _ < | | | |___| |_| |
  |_| |_____|____/ |_|   |____/ |_/_/   \_\_| \_\|_| |_____|____/ 

Esta sección del informe de la demanda del transporte debe contener los siguiente a nivel de experiencia, para una mejor y fácil consulta.(yo-como-empresa-transportadora-y-administrador-del-e-commerce;esta-sección-del-informe-de-la-demanda-del-transporte-debe-contener-los-siguiente-a-nivel-de-experiencia--para-una-mejor-y-fácil-consulta.)
-------------------------------------------------------------------
17:15:02.541 [pool-2-thread-1] INFO  n.s.c.w.d.ChromeDriverProvider - Using automatically driver download
17:15:02.547 [pool-2-thread-1] DEBUG i.g.b.wdm.cache.ResolutionCache - Resolution chrome=89 in cache (valid until 17:24:58 07/04/2021 COT)
17:15:02.548 [pool-2-thread-1] DEBUG i.g.b.wdm.cache.ResolutionCache - Resolution chrome89=89.0.4389.23 in cache (valid until 20:03:11 07/04/2021 COT)
17:15:02.549 [pool-2-thread-1] INFO  i.g.bonigarcia.wdm.WebDriverManager - Using chromedriver 89.0.4389.23 (resolved driver for Chrome 89)
17:15:02.556 [pool-2-thread-1] DEBUG i.g.bonigarcia.wdm.WebDriverManager - Driver chromedriver 89.0.4389.23 found in cache
17:15:02.557 [pool-2-thread-1] INFO  i.g.bonigarcia.wdm.WebDriverManager - Exporting webdriver.chrome.driver as C:\Users\EdwinFerreira\.cache\selenium\chromedriver\win32\89.0.4389.23\chromedriver.exe
17:15:02.907 [pool-2-thread-1] INFO  n.s.c.w.d.ProvideNewDriver - Instantiating driver
17:15:02.908 [pool-2-thread-1] INFO  n.s.c.w.d.ProvideNewDriver - Driver capabilities: Capabilities {acceptInsecureCerts: false, browserName: chrome, goog:chromeOptions: {args: [], extensions: []}, loggingPrefs: org.openqa.selenium.logging...}
17:15:14.518 [pool-2-thread-1] INFO   - 
        __    _____ _____ ____ _____   ____   _    ____  ____  _____ ____  
  _     \ \  |_   _| ____/ ___|_   _| |  _ \ / \  / ___|/ ___|| ____|  _ \ 
 (_)_____| |   | | |  _| \___ \ | |   | |_) / _ \ \___ \\___ \|  _| | | | |
  _|_____| |   | | | |___ ___) || |   |  __/ ___ \ ___) |___) | |___| |_| |
 (_)     | |   |_| |_____|____/ |_|   |_| /_/   \_\____/|____/|_____|____/ 
        /_/                                                                

Esta sección del informe de la demanda del transporte debe contener los siguiente a nivel de experiencia, para una mejor y fácil consulta.
----------------------------------------------------------------------------
]]></system-out>
    <system-err><![CDATA[Starting ChromeDriver 89.0.4389.23 (61b08ee2c50024bab004e48d2b1b083cdbdac579-refs/branch-heads/4389@{#294}) on port 18452
Only local connections are allowed.
Please see https://chromedriver.chromium.org/security-considerations for suggestions on keeping ChromeDriver safe.
ChromeDriver was started successfully.
abr. 07, 2021 5:15:04 P. M. org.openqa.selenium.remote.ProtocolHandshake createSession
INFORMACIÓN: Detected dialect: W3C
]]></system-err>
  </testcase>
  <testcase name="Esta sección del informe de la demanda del transporte debe contener los siguiente a nivel de experiencia, para una mejor y fácil consulta. #2" classname="YO como empresa transportadora y administrador del E-commerce" time="9.403">
    <system-out><![CDATA[17:15:14.521 [pool-2-thread-1] INFO  i.c.core.plugin.SerenityReporter - Running feature from file:///C:/Users/EdwinFerreira/Documents/bitsamericas/TestTransportation/src/test/resources/features/demand.feature
17:15:14.545 [pool-2-thread-1] INFO  n.s.c.w.d.ChromeDriverProvider - Using automatically driver download
17:15:14.554 [pool-2-thread-1] DEBUG i.g.b.wdm.cache.ResolutionCache - Resolution chrome=89 in cache (valid until 17:24:58 07/04/2021 COT)
17:15:14.555 [pool-2-thread-1] DEBUG i.g.b.wdm.cache.ResolutionCache - Resolution chrome89=89.0.4389.23 in cache (valid until 20:03:11 07/04/2021 COT)
17:15:14.555 [pool-2-thread-1] INFO  i.g.bonigarcia.wdm.WebDriverManager - Using chromedriver 89.0.4389.23 (resolved driver for Chrome 89)
17:15:14.561 [pool-2-thread-1] DEBUG i.g.bonigarcia.wdm.WebDriverManager - Driver chromedriver 89.0.4389.23 found in cache
17:15:14.562 [pool-2-thread-1] INFO  i.g.bonigarcia.wdm.WebDriverManager - Exporting webdriver.chrome.driver as C:\Users\EdwinFerreira\.cache\selenium\chromedriver\win32\89.0.4389.23\chromedriver.exe
17:15:14.828 [pool-2-thread-1] INFO  n.s.c.w.d.ProvideNewDriver - Instantiating driver
17:15:14.828 [pool-2-thread-1] INFO  n.s.c.w.d.ProvideNewDriver - Driver capabilities: Capabilities {acceptInsecureCerts: false, browserName: chrome, goog:chromeOptions: {args: [], extensions: []}, loggingPrefs: org.openqa.selenium.logging...}
17:15:23.919 [pool-2-thread-1] INFO   - 
        __    _____ _____ ____ _____   ____   _    ____  ____  _____ ____  
  _     \ \  |_   _| ____/ ___|_   _| |  _ \ / \  / ___|/ ___|| ____|  _ \ 
 (_)_____| |   | | |  _| \___ \ | |   | |_) / _ \ \___ \\___ \|  _| | | | |
  _|_____| |   | | | |___ ___) || |   |  __/ ___ \ ___) |___) | |___| |_| |
 (_)     | |   |_| |_____|____/ |_|   |_| /_/   \_\____/|____/|_____|____/ 
        /_/                                                                

Esta sección del informe de la demanda del transporte debe contener los siguiente a nivel de experiencia, para una mejor y fácil consulta.
----------------------------------------------------------------------------
]]></system-out>
    <system-err><![CDATA[Starting ChromeDriver 89.0.4389.23 (61b08ee2c50024bab004e48d2b1b083cdbdac579-refs/branch-heads/4389@{#294}) on port 33614
Only local connections are allowed.
Please see https://chromedriver.chromium.org/security-considerations for suggestions on keeping ChromeDriver safe.
ChromeDriver was started successfully.
abr. 07, 2021 5:15:16 P. M. org.openqa.selenium.remote.ProtocolHandshake createSession
INFORMACIÓN: Detected dialect: W3C
]]></system-err>
  </testcase>
  <testcase name="Esta sección del informe de la demanda del transporte debe contener los siguiente a nivel de experiencia, para una mejor y fácil consulta. #3" classname="YO como empresa transportadora y administrador del E-commerce" time="12.66">
    <system-out><![CDATA[17:15:23.951 [pool-2-thread-1] INFO  i.c.core.plugin.SerenityReporter - Running feature from file:///C:/Users/EdwinFerreira/Documents/bitsamericas/TestTransportation/src/test/resources/features/demand.feature
17:15:24.012 [pool-2-thread-1] INFO  n.s.c.w.d.ChromeDriverProvider - Using automatically driver download
17:15:24.022 [pool-2-thread-1] DEBUG i.g.b.wdm.cache.ResolutionCache - Resolution chrome=89 in cache (valid until 17:24:58 07/04/2021 COT)
17:15:24.024 [pool-2-thread-1] DEBUG i.g.b.wdm.cache.ResolutionCache - Resolution chrome89=89.0.4389.23 in cache (valid until 20:03:11 07/04/2021 COT)
17:15:24.024 [pool-2-thread-1] INFO  i.g.bonigarcia.wdm.WebDriverManager - Using chromedriver 89.0.4389.23 (resolved driver for Chrome 89)
17:15:24.030 [pool-2-thread-1] DEBUG i.g.bonigarcia.wdm.WebDriverManager - Driver chromedriver 89.0.4389.23 found in cache
17:15:24.031 [pool-2-thread-1] INFO  i.g.bonigarcia.wdm.WebDriverManager - Exporting webdriver.chrome.driver as C:\Users\EdwinFerreira\.cache\selenium\chromedriver\win32\89.0.4389.23\chromedriver.exe
17:15:24.321 [pool-2-thread-1] INFO  n.s.c.w.d.ProvideNewDriver - Instantiating driver
17:15:24.322 [pool-2-thread-1] INFO  n.s.c.w.d.ProvideNewDriver - Driver capabilities: Capabilities {acceptInsecureCerts: false, browserName: chrome, goog:chromeOptions: {args: [], extensions: []}, loggingPrefs: org.openqa.selenium.logging...}
]]></system-out>
    <system-err><![CDATA[Starting ChromeDriver 89.0.4389.23 (61b08ee2c50024bab004e48d2b1b083cdbdac579-refs/branch-heads/4389@{#294}) on port 22054
Only local connections are allowed.
Please see https://chromedriver.chromium.org/security-considerations for suggestions on keeping ChromeDriver safe.
ChromeDriver was started successfully.
abr. 07, 2021 5:15:26 P. M. org.openqa.selenium.remote.ProtocolHandshake createSession
INFORMACIÓN: Detected dialect: W3C
]]></system-err>
  </testcase>
  <testcase name="Esta sección del informe de la demanda del transporte debe contener los siguiente a nivel de experiencia, para una mejor y fácil consulta. #4" classname="YO como empresa transportadora y administrador del E-commerce" time="9.609">
    <system-out><![CDATA[17:15:36.588 [pool-2-thread-1] INFO  i.c.core.plugin.SerenityReporter - Running feature from file:///C:/Users/EdwinFerreira/Documents/bitsamericas/TestTransportation/src/test/resources/features/demand.feature
17:15:36.647 [pool-2-thread-1] INFO  n.s.c.w.d.ChromeDriverProvider - Using automatically driver download
17:15:36.668 [pool-2-thread-1] DEBUG i.g.b.wdm.cache.ResolutionCache - Resolution chrome=89 in cache (valid until 17:24:58 07/04/2021 COT)
17:15:36.671 [pool-2-thread-1] DEBUG i.g.b.wdm.cache.ResolutionCache - Resolution chrome89=89.0.4389.23 in cache (valid until 20:03:11 07/04/2021 COT)
17:15:36.671 [pool-2-thread-1] INFO  i.g.bonigarcia.wdm.WebDriverManager - Using chromedriver 89.0.4389.23 (resolved driver for Chrome 89)
17:15:36.683 [pool-2-thread-1] DEBUG i.g.bonigarcia.wdm.WebDriverManager - Driver chromedriver 89.0.4389.23 found in cache
17:15:36.685 [pool-2-thread-1] INFO  i.g.bonigarcia.wdm.WebDriverManager - Exporting webdriver.chrome.driver as C:\Users\EdwinFerreira\.cache\selenium\chromedriver\win32\89.0.4389.23\chromedriver.exe
17:15:37.086 [pool-2-thread-1] INFO  n.s.c.w.d.ProvideNewDriver - Instantiating driver
17:15:37.086 [pool-2-thread-1] INFO  n.s.c.w.d.ProvideNewDriver - Driver capabilities: Capabilities {acceptInsecureCerts: false, browserName: chrome, goog:chromeOptions: {args: [], extensions: []}, loggingPrefs: org.openqa.selenium.logging...}
]]></system-out>
    <system-err><![CDATA[Starting ChromeDriver 89.0.4389.23 (61b08ee2c50024bab004e48d2b1b083cdbdac579-refs/branch-heads/4389@{#294}) on port 40100
Only local connections are allowed.
Please see https://chromedriver.chromium.org/security-considerations for suggestions on keeping ChromeDriver safe.
ChromeDriver was started successfully.
abr. 07, 2021 5:15:38 P. M. org.openqa.selenium.remote.ProtocolHandshake createSession
INFORMACIÓN: Detected dialect: W3C
]]></system-err>
  </testcase>
</testsuite>