<?xml version="1.0" encoding="UTF-8"?><testsuite errors="0" failures="0" name="YO como empresa transportadora y administrador del E-commerce" skipped="0" tests="6" time="64.71" timestamp="2021-04-07 05:14:36"><testcase name="En el módulo administrativo debe contar una sección para conocer la demanda que se ha tenido en términos de servicio de transporte."/><testcase name="Esta sección para el informe de la demanda de transporte debe contener lo siguiente"/><testcase name="Esta sección del informe de la demanda del transporte debe contener los siguiente a nivel de experiencia, para una mejor y fácil consulta."/></testsuite>